<?xml version="1.0" encoding="UTF-8"?>
<!-- Generated by org.testng.reporters.JUnitReportReporter -->
<testsuite hostname="MacBook-Pro-Vera.local" failures="0" tests="3" name="com.crm.qa.testcases.LoginPageTest" time="15.682" errors="0" timestamp="2021-12-09T14:15:49 EET" skipped="0">
  <testcase classname="com.crm.qa.testcases.LoginPageTest" name="loginPageTitleTest" time="4.757"/>
  <system-out/>
  <testcase classname="com.crm.qa.testcases.LoginPageTest" name="crmLogoImageTest" time="3.694"/>
  <system-out/>
  <testcase classname="com.crm.qa.testcases.LoginPageTest" name="loginTest" time="7.231"/>
  <system-out/>
</testsuite> <!-- com.crm.qa.testcases.LoginPageTest -->
